<?xml version="1.0" encoding="UTF-8"?>
<testsuite name="com.usermood.MoodAnalysisTest" tests="2" skipped="0" failures="0" errors="0" timestamp="2021-04-19T05:09:17" hostname="DESKTOP-DCC7S3K" time="0.004">
  <properties/>
  <testcase name="givenEmpty_throwsException" classname="com.usermood.MoodAnalysisTest" time="0.004"/>
  <testcase name="givenNull_throwsException" classname="com.usermood.MoodAnalysisTest" time="0.0"/>
  <system-out><![CDATA[]]></system-out>
  <system-err><![CDATA[]]></system-err>
</testsuite>
