<?xml version="1.0" encoding="UTF-8"?>
<testsuite name="com.usermood.MoodAnalysisTest" tests="2" skipped="0" failures="0" errors="0" timestamp="2021-04-18T14:14:54" hostname="DESKTOP-DCC7S3K" time="0.008">
  <properties/>
  <testcase name="givenMessage_WhenSad_ShouldReturnSad" classname="com.usermood.MoodAnalysisTest" time="0.006"/>
  <testcase name="givenMessage_WhenNotSad_ShouldReturnHappy" classname="com.usermood.MoodAnalysisTest" time="0.001"/>
  <system-out><![CDATA[]]></system-out>
  <system-err><![CDATA[]]></system-err>
</testsuite>
